fff  [4;36;1mSQL (0.1ms)[0m   [0;1mSET NAMES 'utf8'[0m
  [4;35;1mSQL (0.0ms)[0m   [0mSET SQL_AUTO_IS_NULL=0[0m
  [4;36;1mSQL (0.2ms)[0m   [0;1mSHOW TABLES[0m
  [4;35;1mSQL (0.2ms)[0m   [0mSELECT version FROM schema_migrations[0m
  [4;36;1mSQL (0.1ms)[0m   [0;1mSHOW TABLES[0m
  [4;35;1mSQL (0.0ms)[0m   [0mSELECT version FROM schema_migrations[0m
Migrating to CreateReplies (20090810141711)
  [4;36;1mSQL (57.5ms)[0m   [0;1mDROP TABLE `replies`[0m
  [4;35;1mSQL (44.7ms)[0m   [0mDELETE FROM schema_migrations WHERE version = '20090810141711'[0m
Migrating to CreateNews (20090808074346)
  [4;36;1mSQL (42.6ms)[0m   [0;1mDROP TABLE `news`[0m
  [4;35;1mSQL (44.7ms)[0m   [0mDELETE FROM schema_migrations WHERE version = '20090808074346'[0m
Migrating to CreateBeFollows (20090731054632)
  [4;36;1mSQL (42.8ms)[0m   [0;1mDROP TABLE `be_follows`[0m
  [4;35;1mSQL (45.2ms)[0m   [0mDELETE FROM schema_migrations WHERE version = '20090731054632'[0m
Migrating to CreateKeywordPages (20090730121815)
  [4;36;1mSQL (53.3ms)[0m   [0;1mDROP TABLE `keyword_pages`[0m
  [4;35;1mSQL (46.6ms)[0m   [0mDELETE FROM schema_migrations WHERE version = '20090730121815'[0m
Migrating to CreateRelatedKeywords (20090729021859)
  [4;36;1mSQL (53.7ms)[0m   [0;1mDROP TABLE `related_keywords`[0m
  [4;35;1mSQL (55.8ms)[0m   [0mDELETE FROM schema_migrations WHERE version = '20090729021859'[0m
Migrating to CreateAddresses (20090725045750)
  [4;36;1mSQL (53.8ms)[0m   [0;1mDROP TABLE `addresses`[0m
  [4;35;1mSQL (55.8ms)[0m   [0mDELETE FROM schema_migrations WHERE version = '20090725045750'[0m
Migrating to CreateSearchedKeywords (20090713122317)
  [4;36;1mSQL (53.9ms)[0m   [0;1mDROP TABLE `searched_keywords`[0m
  [4;35;1mSQL (44.7ms)[0m   [0mDELETE FROM schema_migrations WHERE version = '20090713122317'[0m
Migrating to CreateComments (20090712100836)
  [4;36;1mSQL (42.6ms)[0m   [0;1mDROP TABLE `comments`[0m
  [4;35;1mSQL (44.7ms)[0m   [0mDELETE FROM schema_migrations WHERE version = '20090712100836'[0m
  [4;36;1mSQL (0.2ms)[0m   [0;1mSHOW TABLES[0m
  [4;35;1mSQL (0.3ms)[0m   [0mSELECT version FROM schema_migrations[0m
  [4;36;1mSQL (0.1ms)[0m   [0;1mSHOW TABLES[0m
  [4;35;1mSQL (0.5ms)[0m   [0mSHOW FIELDS FROM `portraits`[0m
  [4;36;1mSQL (0.4ms)[0m   [0;1mdescribe `portraits`[0m
  [4;35;1mSQL (0.1ms)[0m   [0mSHOW KEYS FROM `portraits`[0m
  [4;36;1mSQL (0.5ms)[0m   [0;1mSHOW FIELDS FROM `resources`[0m
  [4;35;1mSQL (0.5ms)[0m   [0mdescribe `resources`[0m
  [4;36;1mSQL (0.2ms)[0m   [0;1mSHOW KEYS FROM `resources`[0m
  [4;35;1mSQL (0.4ms)[0m   [0mSHOW FIELDS FROM `true_portraits`[0m
  [4;36;1mSQL (0.4ms)[0m   [0;1mdescribe `true_portraits`[0m
  [4;35;1mSQL (0.1ms)[0m   [0mSHOW KEYS FROM `true_portraits`[0m
  [4;36;1mSQL (0.6ms)[0m   [0;1mSHOW FIELDS FROM `users`[0m
  [4;35;1mSQL (0.6ms)[0m   [0mdescribe `users`[0m
  [4;36;1mSQL (0.2ms)[0m   [0;1mSHOW KEYS FROM `users`[0m
  [4;36;1mSQL (0.1ms)[0m   [0;1mSET NAMES 'utf8'[0m
  [4;35;1mSQL (0.0ms)[0m   [0mSET SQL_AUTO_IS_NULL=0[0m
  [4;36;1mSQL (0.2ms)[0m   [0;1mSHOW TABLES[0m
  [4;35;1mSQL (0.0ms)[0m   [0mSELECT version FROM schema_migrations[0m
  [4;36;1mSQL (0.1ms)[0m   [0;1mSHOW TABLES[0m
  [4;35;1mSQL (0.0ms)[0m   [0mSELECT version FROM schema_migrations[0m
Migrating to CreateUsers (20090523150301)
Migrating to CreatePortraits (20090606045951)
Migrating to CreateTruePortraits (20090611094020)
Migrating to CreateResources (20090611163158)
Migrating to CreateComments (20090712100836)
  [4;36;1mSQL (95.1ms)[0m   [0;1mCREATE TABLE `comments` (`id` int(11) DEFAULT NULL auto_increment PRIMARY KEY, `content` text, `resource_id` int(11), `user_id` int(11), `rating` int(11) DEFAULT 0, `comment_id` int(11), `created_at` datetime, `updated_at` datetime) ENGINE=InnoDB[0m
  [4;35;1mSQL (44.4ms)[0m   [0mINSERT INTO schema_migrations (version) VALUES ('20090712100836')[0m
Migrating to CreateSearchedKeywords (20090713122317)
  [4;36;1mSQL (87.1ms)[0m   [0;1mCREATE TABLE `searched_keywords` (`id` int(11) DEFAULT NULL auto_increment PRIMARY KEY, `searched_times` int(11) DEFAULT 1, `name` varchar(255), `user_id` varchar(255), `created_at` datetime, `updated_at` datetime) ENGINE=InnoDB[0m
  [4;35;1mSQL (44.4ms)[0m   [0mINSERT INTO schema_migrations (version) VALUES ('20090713122317')[0m
Migrating to CreateAddresses (20090725045750)
  [4;36;1mSQL (87.2ms)[0m   [0;1mCREATE TABLE `addresses` (`id` int(11) DEFAULT NULL auto_increment PRIMARY KEY, `province` varchar(255), `city` varchar(255), `user_id` int(11), `created_at` datetime, `updated_at` datetime) ENGINE=InnoDB[0m
  [4;35;1mSQL (44.3ms)[0m   [0mINSERT INTO schema_migrations (version) VALUES ('20090725045750')[0m
Migrating to CreateRelatedKeywords (20090729021859)
  [4;36;1mSQL (87.3ms)[0m   [0;1mCREATE TABLE `related_keywords` (`id` int(11) DEFAULT NULL auto_increment PRIMARY KEY, `name` varchar(255), `keyword_page_id` int(11), `auto` tinyint(1) DEFAULT 0, `created_at` datetime, `updated_at` datetime) ENGINE=InnoDB[0m
  [4;35;1mSQL (44.4ms)[0m   [0mINSERT INTO schema_migrations (version) VALUES ('20090729021859')[0m
Migrating to CreateKeywordPages (20090730121815)
  [4;36;1mSQL (87.1ms)[0m   [0;1mCREATE TABLE `keyword_pages` (`id` int(11) DEFAULT NULL auto_increment PRIMARY KEY, `keyword` varchar(255), `created_at` datetime, `updated_at` datetime) ENGINE=InnoDB[0m
  [4;35;1mSQL (44.4ms)[0m   [0mINSERT INTO schema_migrations (version) VALUES ('20090730121815')[0m
Migrating to CreateBeFollows (20090731054632)
  [4;36;1mSQL (100.3ms)[0m   [0;1mCREATE TABLE `be_follows` (`id` int(11) DEFAULT NULL auto_increment PRIMARY KEY, `user_id` int(11), `follower_id` int(11), `provide_name` tinyint(1), `created_at` datetime, `updated_at` datetime) ENGINE=InnoDB[0m
  [4;35;1mSQL (44.3ms)[0m   [0mINSERT INTO schema_migrations (version) VALUES ('20090731054632')[0m
Migrating to CreateNews (20090808074346)
  [4;36;1mSQL (98.5ms)[0m   [0;1mCREATE TABLE `news` (`id` int(11) DEFAULT NULL auto_increment PRIMARY KEY, `owner_id` int(11), `related_user_id` int(11), `related_resource_id` int(11), `related_comment_id` int(11), `created_at` datetime, `updated_at` datetime) ENGINE=InnoDB[0m
  [4;35;1mSQL (44.3ms)[0m   [0mINSERT INTO schema_migrations (version) VALUES ('20090808074346')[0m
Migrating to CreateReplies (20090810141711)
  [4;36;1mSQL (98.4ms)[0m   [0;1mCREATE TABLE `replies` (`id` int(11) DEFAULT NULL auto_increment PRIMARY KEY, `content` text, `resource_id` int(11), `user_id` int(11), `created_at` datetime, `updated_at` datetime) ENGINE=InnoDB[0m
  [4;35;1mSQL (44.3ms)[0m   [0mINSERT INTO schema_migrations (version) VALUES ('20090810141711')[0m
  [4;36;1mSQL (0.3ms)[0m   [0;1mSHOW TABLES[0m
  [4;35;1mSQL (0.2ms)[0m   [0mSELECT version FROM schema_migrations[0m
  [4;36;1mSQL (0.1ms)[0m   [0;1mSHOW TABLES[0m
  [4;35;1mSQL (9.7ms)[0m   [0mSHOW FIELDS FROM `addresses`[0m
  [4;36;1mSQL (0.6ms)[0m   [0;1mdescribe `addresses`[0m
  [4;35;1mSQL (0.2ms)[0m   [0mSHOW KEYS FROM `addresses`[0m
  [4;36;1mSQL (0.5ms)[0m   [0;1mSHOW FIELDS FROM `be_follows`[0m
  [4;35;1mSQL (0.6ms)[0m   [0mdescribe `be_follows`[0m
  [4;36;1mSQL (0.1ms)[0m   [0;1mSHOW KEYS FROM `be_follows`[0m
  [4;35;1mSQL (0.5ms)[0m   [0mSHOW FIELDS FROM `comments`[0m
  [4;36;1mSQL (0.4ms)[0m   [0;1mdescribe `comments`[0m
  [4;35;1mSQL (0.1ms)[0m   [0mSHOW KEYS FROM `comments`[0m
  [4;36;1mSQL (0.5ms)[0m   [0;1mSHOW FIELDS FROM `keyword_pages`[0m
  [4;35;1mSQL (0.4ms)[0m   [0mdescribe `keyword_pages`[0m
  [4;36;1mSQL (0.1ms)[0m   [0;1mSHOW KEYS FROM `keyword_pages`[0m
  [4;35;1mSQL (0.4ms)[0m   [0mSHOW FIELDS FROM `news`[0m
  [4;36;1mSQL (0.4ms)[0m   [0;1mdescribe `news`[0m
  [4;35;1mSQL (0.1ms)[0m   [0mSHOW KEYS FROM `news`[0m
  [4;36;1mSQL (0.4ms)[0m   [0;1mSHOW FIELDS FROM `portraits`[0m
  [4;35;1mSQL (0.4ms)[0m   [0mdescribe `portraits`[0m
  [4;36;1mSQL (0.1ms)[0m   [0;1mSHOW KEYS FROM `portraits`[0m
  [4;35;1mSQL (0.5ms)[0m   [0mSHOW FIELDS FROM `related_keywords`[0m
  [4;36;1mSQL (0.4ms)[0m   [0;1mdescribe `related_keywords`[0m
  [4;35;1mSQL (0.1ms)[0m   [0mSHOW KEYS FROM `related_keywords`[0m
  [4;36;1mSQL (0.4ms)[0m   [0;1mSHOW FIELDS FROM `replies`[0m
  [4;35;1mSQL (0.4ms)[0m   [0mdescribe `replies`[0m
  [4;36;1mSQL (0.1ms)[0m   [0;1mSHOW KEYS FROM `replies`[0m
  [4;35;1mSQL (0.6ms)[0m   [0mSHOW FIELDS FROM `resources`[0m
  [4;36;1mSQL (0.6ms)[0m   [0;1mdescribe `resources`[0m
  [4;35;1mSQL (0.2ms)[0m   [0mSHOW KEYS FROM `resources`[0m
  [4;36;1mSQL (0.4ms)[0m   [0;1mSHOW FIELDS FROM `searched_keywords`[0m
  [4;35;1mSQL (0.4ms)[0m   [0mdescribe `searched_keywords`[0m
  [4;36;1mSQL (0.1ms)[0m   [0;1mSHOW KEYS FROM `searched_keywords`[0m
  [4;35;1mSQL (0.4ms)[0m   [0mSHOW FIELDS FROM `true_portraits`[0m
  [4;36;1mSQL (0.4ms)[0m   [0;1mdescribe `true_portraits`[0m
  [4;35;1mSQL (0.1ms)[0m   [0mSHOW KEYS FROM `true_portraits`[0m
  [4;36;1mSQL (0.6ms)[0m   [0;1mSHOW FIELDS FROM `users`[0m
  [4;35;1mSQL (0.6ms)[0m   [0mdescribe `users`[0m
  [4;36;1mSQL (0.2ms)[0m   [0;1mSHOW KEYS FROM `users`[0m
