
############ registerclass KeywordPage
index for class KeywordPage: #<ActsAsFerret::LocalIndex:0xb7151398>
############ registerclass BlogResource
index for class BlogResource: #<ActsAsFerret::LocalIndex:0xb70ff96c>
#method_missing(:add, [:blog_resource, {:key=>"BlogResource-128", :content=>"kkk", :class_name=>"BlogResource", :created_at_s=>"2009-10-10 01:02:42", :id=>"128", :by_user_value=>"0.0"}])
############ registerclass BlogResource
index for class BlogResource: #<ActsAsFerret::LocalIndex:0xb70ff96c>
  [4;36;1mSQL (0.2ms)[0m   [0;1mSET NAMES 'utf8'[0m
  [4;35;1mSQL (0.1ms)[0m   [0mSET SQL_AUTO_IS_NULL=0[0m
  [4;36;1mSQL (0.5ms)[0m   [0;1mSHOW TABLES[0m
  [4;35;1mBlogResource Columns (0.9ms)[0m   [0mSHOW FIELDS FROM `resources`[0m
#method_missing(:find_ids, [:blog_resource, "kkk~", {:limit=>nil, :models=>[BlogResource(id: integer, keywords: string, type: string, shoulu: boolean, user_id: integer, title: string, form: string, link_url: string, description: string, authority: boolean, content: text, created_at: datetime, updated_at: datetime, keyword_page_id: integer)], :sort=>by_user_value:<auto>!, :offset=>nil}])
############ registerclass KeywordPage
index for class KeywordPage: #<ActsAsFerret::LocalIndex:0xb7151398>
############ registerclass BlogResource
index for class BlogResource: #<ActsAsFerret::LocalIndex:0xb70ff96c>
############ registerclass KeywordPage
index for class KeywordPage: #<ActsAsFerret::LocalIndex:0xb7151398>
############ registerclass KeywordPage
index for class KeywordPage: #<ActsAsFerret::LocalIndex:0xb7151398>
############ registerclass BlogResource
index for class BlogResource: #<ActsAsFerret::LocalIndex:0xb70ff96c>
############ registerclass BlogResource
index for class BlogResource: #<ActsAsFerret::LocalIndex:0xb70ff96c>
############ registerclass KeywordPage
index for class KeywordPage: #<ActsAsFerret::LocalIndex:0xb7151398>
############ registerclass KeywordPage
index for class KeywordPage: #<ActsAsFerret::LocalIndex:0xb7151398>
############ registerclass BlogResource
index for class BlogResource: #<ActsAsFerret::LocalIndex:0xb70ff96c>
############ registerclass BlogResource
index for class BlogResource: #<ActsAsFerret::LocalIndex:0xb70ff96c>
############ registerclass KeywordPage
index for class KeywordPage: #<ActsAsFerret::LocalIndex:0xb7151398>
############ registerclass BlogResource
index for class BlogResource: #<ActsAsFerret::LocalIndex:0xb70ff96c>
############ registerclass KeywordPage
index for class KeywordPage: #<ActsAsFerret::LocalIndex:0xb7151398>
############ registerclass BlogResource
index for class BlogResource: #<ActsAsFerret::LocalIndex:0xb70ff96c>
############ registerclass KeywordPage
index for class KeywordPage: #<ActsAsFerret::LocalIndex:0xb7151398>
############ registerclass BlogResource
index for class BlogResource: #<ActsAsFerret::LocalIndex:0xb70ff96c>
############ registerclass KeywordPage
index for class KeywordPage: #<ActsAsFerret::LocalIndex:0xb7151398>
############ registerclass KeywordPage
index for class KeywordPage: #<ActsAsFerret::LocalIndex:0xb7151398>
############ registerclass BlogResource
index for class BlogResource: #<ActsAsFerret::LocalIndex:0xb70ff96c>
############ registerclass KeywordPage
index for class KeywordPage: #<ActsAsFerret::LocalIndex:0xb7151398>
############ registerclass BlogResource
index for class BlogResource: #<ActsAsFerret::LocalIndex:0xb70ff96c>
############ registerclass BlogResource
index for class BlogResource: #<ActsAsFerret::LocalIndex:0xb70ff96c>
############ registerclass KeywordPage
index for class KeywordPage: #<ActsAsFerret::LocalIndex:0xb7151398>
############ registerclass KeywordPage
index for class KeywordPage: #<ActsAsFerret::LocalIndex:0xb7151398>
############ registerclass BlogResource
index for class BlogResource: #<ActsAsFerret::LocalIndex:0xb70ff96c>
############ registerclass BlogResource
index for class BlogResource: #<ActsAsFerret::LocalIndex:0xb70ff96c>
############ registerclass KeywordPage
index for class KeywordPage: #<ActsAsFerret::LocalIndex:0xb7151398>
############ registerclass KeywordPage
index for class KeywordPage: #<ActsAsFerret::LocalIndex:0xb7151398>
############ registerclass BlogResource
index for class BlogResource: #<ActsAsFerret::LocalIndex:0xb70ff96c>
############ registerclass KeywordPage
index for class KeywordPage: #<ActsAsFerret::LocalIndex:0xb7151398>
############ registerclass BlogResource
index for class BlogResource: #<ActsAsFerret::LocalIndex:0xb70ff96c>
############ registerclass KeywordPage
index for class KeywordPage: #<ActsAsFerret::LocalIndex:0xb7151398>
############ registerclass BlogResource
index for class BlogResource: #<ActsAsFerret::LocalIndex:0xb70ff96c>
############ registerclass KeywordPage
index for class KeywordPage: #<ActsAsFerret::LocalIndex:0xb7151398>
############ registerclass BlogResource
index for class BlogResource: #<ActsAsFerret::LocalIndex:0xb70ff96c>
